<?xml version="1.0" encoding="UTF-8"?>
<testsuite name="BasicsTest" tests="1" skipped="0" failures="0" errors="0" timestamp="2022-10-09T19:16:32" hostname="Emmas-MacBook-Pro.local" time="0.006">
  <properties/>
  <testcase name="testTask5" classname="BasicsTest" time="0.006"/>
  <system-out><![CDATA[]]></system-out>
  <system-err><![CDATA[]]></system-err>
</testsuite>
